<?xml version="1.0" encoding="utf-8" standalone="no"?>
<test-run id="2" testcasecount="103" result="Passed" total="103" passed="103" failed="0" inconclusive="0" skipped="0" asserts="34340" engine-version="3.10.0.0" clr-version="4.0.30319.42000" start-time="2019-09-16 14:43:52Z" end-time="2019-09-16 14:44:15Z" duration="23.175721">
  <command-line><![CDATA["C:\Program Files (x86)\NUnit.org\nunit-console\nunit3-console.exe" --labels=All bin\Debug\BalancedCollections.Tests.dll]]></command-line>
  <test-suite type="Assembly" id="0-1110" name="BalancedCollections.Tests.dll" fullname="Z:\Dropbox\prog\Smile\master\tools\joy\RedBlackTree.Tests\bin\Debug\BalancedCollections.Tests.dll" runstate="Runnable" testcasecount="103" result="Passed" start-time="2019-09-16 14:43:54Z" end-time="2019-09-16 14:44:15Z" duration="21.190379" total="103" passed="103" failed="0" warnings="0" inconclusive="0" skipped="0" asserts="34340">
    <environment framework-version="3.12.0.0" clr-version="4.0.30319.42000" os-version="Microsoft Windows NT 10.0.18362.0" platform="Win32NT" cwd="Z:\Dropbox\prog\Smile\master\tools\joy\RedBlackTree.Tests" machine-name="RANDOM" user="seanw" user-domain="RANDOM" culture="en-US" uiculture="en-US" os-architecture="x64" />
    <settings>
      <setting name="DisposeRunners" value="True" />
      <setting name="WorkDirectory" value="Z:\Dropbox\prog\Smile\master\tools\joy\RedBlackTree.Tests" />
      <setting name="ImageRuntimeVersion" value="4.0.30319" />
      <setting name="ImageTargetFrameworkName" value=".NETFramework,Version=v4.6" />
      <setting name="ImageRequiresX86" value="False" />
      <setting name="ImageRequiresDefaultAppDomainAssemblyResolver" value="False" />
      <setting name="NumberOfTestWorkers" value="16" />
    </settings>
    <properties>
      <property name="_PID" value="7856" />
      <property name="_APPDOMAIN" value="domain-" />
    </properties>
    <test-suite type="TestSuite" id="0-1111" name="BalancedCollections" fullname="BalancedCollections" runstate="Runnable" testcasecount="103" result="Passed" start-time="2019-09-16 14:43:54Z" end-time="2019-09-16 14:44:15Z" duration="21.172911" total="103" passed="103" failed="0" warnings="0" inconclusive="0" skipped="0" asserts="34340">
      <test-suite type="TestSuite" id="0-1112" name="Tests" fullname="BalancedCollections.Tests" runstate="Runnable" testcasecount="103" result="Passed" start-time="2019-09-16 14:43:54Z" end-time="2019-09-16 14:44:15Z" duration="21.172177" total="103" passed="103" failed="0" warnings="0" inconclusive="0" skipped="0" asserts="34340">
        <test-suite type="TestSuite" id="0-1113" name="RedBlackTree" fullname="BalancedCollections.Tests.RedBlackTree" runstate="Runnable" testcasecount="103" result="Passed" start-time="2019-09-16 14:43:54Z" end-time="2019-09-16 14:44:15Z" duration="21.172150" total="103" passed="103" failed="0" warnings="0" inconclusive="0" skipped="0" asserts="34340">
          <test-suite type="TestFixture" id="0-1023" name="ReadOnlyTests" fullname="BalancedCollections.Tests.RedBlackTree.ReadOnlyTests" classname="BalancedCollections.Tests.RedBlackTree.ReadOnlyTests" runstate="Runnable" testcasecount="9" result="Passed" start-time="2019-09-16 14:43:54Z" end-time="2019-09-16 14:43:54Z" duration="0.234804" total="9" passed="9" failed="0" warnings="0" inconclusive="0" skipped="0" asserts="70">
            <properties>
              <property name="ParallelScope" value="All" />
            </properties>
            <test-case id="0-1029" name="CanPerformRangeQueriesThroughAReadOnlyWrapper" fullname="BalancedCollections.Tests.RedBlackTree.ReadOnlyTests.CanPerformRangeQueriesThroughAReadOnlyWrapper" methodname="CanPerformRangeQueriesThroughAReadOnlyWrapper" classname="BalancedCollections.Tests.RedBlackTree.ReadOnlyTests" runstate="Runnable" seed="2110076704" result="Passed" start-time="2019-09-16 14:43:54Z" end-time="2019-09-16 14:43:54Z" duration="0.188473" asserts="8" />
            <test-case id="0-1027" name="CanReadValuesAndNodesThroughAReadOnlyWrapper" fullname="BalancedCollections.Tests.RedBlackTree.ReadOnlyTests.CanReadValuesAndNodesThroughAReadOnlyWrapper" methodname="CanReadValuesAndNodesThroughAReadOnlyWrapper" classname="BalancedCollections.Tests.RedBlackTree.ReadOnlyTests" runstate="Runnable" seed="2037756730" result="Passed" start-time="2019-09-16 14:43:54Z" end-time="2019-09-16 14:43:54Z" duration="0.186639" asserts="11" />
            <test-case id="0-1024" name="CanConstructAReadOnlyRedBlackTreeWrapper" fullname="BalancedCollections.Tests.RedBlackTree.ReadOnlyTests.CanConstructAReadOnlyRedBlackTreeWrapper" methodname="CanConstructAReadOnlyRedBlackTreeWrapper" classname="BalancedCollections.Tests.RedBlackTree.ReadOnlyTests" runstate="Runnable" seed="515971090" result="Passed" start-time="2019-09-16 14:43:54Z" end-time="2019-09-16 14:43:54Z" duration="0.190579" asserts="6" />
            <test-case id="0-1025" name="CanConstructAReadOnlyWeightedRedBlackTreeWrapper" fullname="BalancedCollections.Tests.RedBlackTree.ReadOnlyTests.CanConstructAReadOnlyWeightedRedBlackTreeWrapper" methodname="CanConstructAReadOnlyWeightedRedBlackTreeWrapper" classname="BalancedCollections.Tests.RedBlackTree.ReadOnlyTests" runstate="Runnable" seed="907039589" result="Passed" start-time="2019-09-16 14:43:54Z" end-time="2019-09-16 14:43:54Z" duration="0.190674" asserts="6" />
            <test-case id="0-1030" name="CanReadThroughAsDictionary" fullname="BalancedCollections.Tests.RedBlackTree.ReadOnlyTests.CanReadThroughAsDictionary" methodname="CanReadThroughAsDictionary" classname="BalancedCollections.Tests.RedBlackTree.ReadOnlyTests" runstate="Runnable" seed="785855984" result="Passed" start-time="2019-09-16 14:43:54Z" end-time="2019-09-16 14:43:54Z" duration="0.191823" asserts="13" />
            <test-case id="0-1028" name="CanReadTheWholeCollectionThroughAReadOnlyWrapper" fullname="BalancedCollections.Tests.RedBlackTree.ReadOnlyTests.CanReadTheWholeCollectionThroughAReadOnlyWrapper" methodname="CanReadTheWholeCollectionThroughAReadOnlyWrapper" classname="BalancedCollections.Tests.RedBlackTree.ReadOnlyTests" runstate="Runnable" seed="996823176" result="Passed" start-time="2019-09-16 14:43:54Z" end-time="2019-09-16 14:43:54Z" duration="0.195120" asserts="4" />
            <test-case id="0-1026" name="CannotMutateTheTreeThroughAReadOnlyWrapper" fullname="BalancedCollections.Tests.RedBlackTree.ReadOnlyTests.CannotMutateTheTreeThroughAReadOnlyWrapper" methodname="CannotMutateTheTreeThroughAReadOnlyWrapper" classname="BalancedCollections.Tests.RedBlackTree.ReadOnlyTests" runstate="Runnable" seed="1645971370" result="Passed" start-time="2019-09-16 14:43:54Z" end-time="2019-09-16 14:43:54Z" duration="0.214144" asserts="10" />
            <test-case id="0-1032" name="CannotMutateThroughAsDictionary" fullname="BalancedCollections.Tests.RedBlackTree.ReadOnlyTests.CannotMutateThroughAsDictionary" methodname="CannotMutateThroughAsDictionary" classname="BalancedCollections.Tests.RedBlackTree.ReadOnlyTests" runstate="Runnable" seed="1735088404" result="Passed" start-time="2019-09-16 14:43:54Z" end-time="2019-09-16 14:43:54Z" duration="0.216203" asserts="8" />
            <test-case id="0-1031" name="CanReadAsCollectionThroughAsDictionary" fullname="BalancedCollections.Tests.RedBlackTree.ReadOnlyTests.CanReadAsCollectionThroughAsDictionary" methodname="CanReadAsCollectionThroughAsDictionary" classname="BalancedCollections.Tests.RedBlackTree.ReadOnlyTests" runstate="Runnable" seed="1626855649" result="Passed" start-time="2019-09-16 14:43:54Z" end-time="2019-09-16 14:43:54Z" duration="0.219631" asserts="4" />
          </test-suite>
          <test-suite type="TestFixture" id="0-1007" name="KeyCollectionTests" fullname="BalancedCollections.Tests.RedBlackTree.KeyCollectionTests" classname="BalancedCollections.Tests.RedBlackTree.KeyCollectionTests" runstate="Runnable" testcasecount="7" result="Passed" start-time="2019-09-16 14:43:54Z" end-time="2019-09-16 14:43:54Z" duration="0.270607" total="7" passed="7" failed="0" warnings="0" inconclusive="0" skipped="0" asserts="32">
            <properties>
              <property name="ParallelScope" value="All" />
            </properties>
            <test-case id="0-1012" name="CanCopyToAnArray" fullname="BalancedCollections.Tests.RedBlackTree.KeyCollectionTests.CanCopyToAnArray" methodname="CanCopyToAnArray" classname="BalancedCollections.Tests.RedBlackTree.KeyCollectionTests" runstate="Runnable" seed="476828729" result="Passed" start-time="2019-09-16 14:43:54Z" end-time="2019-09-16 14:43:54Z" duration="0.190309" asserts="1" />
            <test-case id="0-1008" name="CanConstructKeyCollections" fullname="BalancedCollections.Tests.RedBlackTree.KeyCollectionTests.CanConstructKeyCollections" methodname="CanConstructKeyCollections" classname="BalancedCollections.Tests.RedBlackTree.KeyCollectionTests" runstate="Runnable" seed="233731356" result="Passed" start-time="2019-09-16 14:43:54Z" end-time="2019-09-16 14:43:54Z" duration="0.192407" asserts="4" />
            <test-case id="0-1013" name="CanTestForContainment" fullname="BalancedCollections.Tests.RedBlackTree.KeyCollectionTests.CanTestForContainment" methodname="CanTestForContainment" classname="BalancedCollections.Tests.RedBlackTree.KeyCollectionTests" runstate="Runnable" seed="1133474601" result="Passed" start-time="2019-09-16 14:43:54Z" end-time="2019-09-16 14:43:54Z" duration="0.014152" asserts="2" />
            <test-case id="0-1010" name="CanEnumerateKeysOldSchool" fullname="BalancedCollections.Tests.RedBlackTree.KeyCollectionTests.CanEnumerateKeysOldSchool" methodname="CanEnumerateKeysOldSchool" classname="BalancedCollections.Tests.RedBlackTree.KeyCollectionTests" runstate="Runnable" seed="1857391828" result="Passed" start-time="2019-09-16 14:43:54Z" end-time="2019-09-16 14:43:54Z" duration="0.016700" asserts="10" />
            <test-case id="0-1014" name="ReadOnlyShouldMirrorTheUnderlyingCollection" fullname="BalancedCollections.Tests.RedBlackTree.KeyCollectionTests.ReadOnlyShouldMirrorTheUnderlyingCollection" methodname="ReadOnlyShouldMirrorTheUnderlyingCollection" classname="BalancedCollections.Tests.RedBlackTree.KeyCollectionTests" runstate="Runnable" seed="1327246594" result="Passed" start-time="2019-09-16 14:43:54Z" end-time="2019-09-16 14:43:54Z" duration="0.020368" asserts="2" />
            <test-case id="0-1009" name="CanEnumerateKeysNewSchool" fullname="BalancedCollections.Tests.RedBlackTree.KeyCollectionTests.CanEnumerateKeysNewSchool" methodname="CanEnumerateKeysNewSchool" classname="BalancedCollections.Tests.RedBlackTree.KeyCollectionTests" runstate="Runnable" seed="1939387493" result="Passed" start-time="2019-09-16 14:43:54Z" end-time="2019-09-16 14:43:54Z" duration="0.027711" asserts="10" />
            <test-case id="0-1011" name="CanModifyTheUnderlyingCollection" fullname="BalancedCollections.Tests.RedBlackTree.KeyCollectionTests.CanModifyTheUnderlyingCollection" methodname="CanModifyTheUnderlyingCollection" classname="BalancedCollections.Tests.RedBlackTree.KeyCollectionTests" runstate="Runnable" seed="1599385255" result="Passed" start-time="2019-09-16 14:43:54Z" end-time="2019-09-16 14:43:54Z" duration="0.061112" asserts="3" />
          </test-suite>
          <test-suite type="TestFixture" id="0-1033" name="ValueCollectionTests" fullname="BalancedCollections.Tests.RedBlackTree.ValueCollectionTests" classname="BalancedCollections.Tests.RedBlackTree.ValueCollectionTests" runstate="Runnable" testcasecount="8" result="Passed" start-time="2019-09-16 14:43:54Z" end-time="2019-09-16 14:43:54Z" duration="0.279057" total="8" passed="8" failed="0" warnings="0" inconclusive="0" skipped="0" asserts="34">
            <properties>
              <property name="ParallelScope" value="All" />
            </properties>
            <test-case id="0-1034" name="CanConstructValueCollections" fullname="BalancedCollections.Tests.RedBlackTree.ValueCollectionTests.CanConstructValueCollections" methodname="CanConstructValueCollections" classname="BalancedCollections.Tests.RedBlackTree.ValueCollectionTests" runstate="Runnable" seed="1370696020" result="Passed" start-time="2019-09-16 14:43:54Z" end-time="2019-09-16 14:43:54Z" duration="0.191246" asserts="4" />
            <test-case id="0-1038" name="CanCopyToAnArray" fullname="BalancedCollections.Tests.RedBlackTree.ValueCollectionTests.CanCopyToAnArray" methodname="CanCopyToAnArray" classname="BalancedCollections.Tests.RedBlackTree.ValueCollectionTests" runstate="Runnable" seed="1259161948" result="Passed" start-time="2019-09-16 14:43:54Z" end-time="2019-09-16 14:43:54Z" duration="0.023646" asserts="1" />
            <test-case id="0-1035" name="CanEnumerateValuesNewSchool" fullname="BalancedCollections.Tests.RedBlackTree.ValueCollectionTests.CanEnumerateValuesNewSchool" methodname="CanEnumerateValuesNewSchool" classname="BalancedCollections.Tests.RedBlackTree.ValueCollectionTests" runstate="Runnable" seed="425767487" result="Passed" start-time="2019-09-16 14:43:54Z" end-time="2019-09-16 14:43:54Z" duration="0.028954" asserts="10" />
            <test-case id="0-1037" name="CannotModifyTheUnderlyingCollection" fullname="BalancedCollections.Tests.RedBlackTree.ValueCollectionTests.CannotModifyTheUnderlyingCollection" methodname="CannotModifyTheUnderlyingCollection" classname="BalancedCollections.Tests.RedBlackTree.ValueCollectionTests" runstate="Runnable" seed="5167637" result="Passed" start-time="2019-09-16 14:43:54Z" end-time="2019-09-16 14:43:54Z" duration="0.021233" asserts="3" />
            <test-case id="0-1041" name="ValueCollectionsShouldAlwaysBeReadOnly" fullname="BalancedCollections.Tests.RedBlackTree.ValueCollectionTests.ValueCollectionsShouldAlwaysBeReadOnly" methodname="ValueCollectionsShouldAlwaysBeReadOnly" classname="BalancedCollections.Tests.RedBlackTree.ValueCollectionTests" runstate="Runnable" seed="1584682404" result="Passed" start-time="2019-09-16 14:43:54Z" end-time="2019-09-16 14:43:54Z" duration="0.021561" asserts="2" />
            <test-case id="0-1036" name="CanEnumerateValuesOldSchool" fullname="BalancedCollections.Tests.RedBlackTree.ValueCollectionTests.CanEnumerateValuesOldSchool" methodname="CanEnumerateValuesOldSchool" classname="BalancedCollections.Tests.RedBlackTree.ValueCollectionTests" runstate="Runnable" seed="540599217" result="Passed" start-time="2019-09-16 14:43:54Z" end-time="2019-09-16 14:43:54Z" duration="0.038647" asserts="10" />
            <test-case id="0-1039" name="CanTestForContainment" fullname="BalancedCollections.Tests.RedBlackTree.ValueCollectionTests.CanTestForContainment" methodname="CanTestForContainment" classname="BalancedCollections.Tests.RedBlackTree.ValueCollectionTests" runstate="Runnable" seed="1811086831" result="Passed" start-time="2019-09-16 14:43:54Z" end-time="2019-09-16 14:43:54Z" duration="0.032132" asserts="2" />
            <test-case id="0-1040" name="CanInvokeContainsWithNull" fullname="BalancedCollections.Tests.RedBlackTree.ValueCollectionTests.CanInvokeContainsWithNull" methodname="CanInvokeContainsWithNull" classname="BalancedCollections.Tests.RedBlackTree.ValueCollectionTests" runstate="Runnable" seed="79212144" result="Passed" start-time="2019-09-16 14:43:54Z" end-time="2019-09-16 14:43:54Z" duration="0.040272" asserts="2" />
          </test-suite>
          <test-suite type="TestFixture" id="0-1000" name="DictionaryWrapperTests" fullname="BalancedCollections.Tests.RedBlackTree.DictionaryWrapperTests" classname="BalancedCollections.Tests.RedBlackTree.DictionaryWrapperTests" runstate="Runnable" testcasecount="6" result="Passed" start-time="2019-09-16 14:43:54Z" end-time="2019-09-16 14:43:54Z" duration="0.325795" total="6" passed="6" failed="0" warnings="0" inconclusive="0" skipped="0" asserts="64">
            <properties>
              <property name="ParallelScope" value="All" />
            </properties>
            <test-case id="0-1004" name="CanReadThroughAsDictionaryWeighted" fullname="BalancedCollections.Tests.RedBlackTree.DictionaryWrapperTests.CanReadThroughAsDictionaryWeighted" methodname="CanReadThroughAsDictionaryWeighted" classname="BalancedCollections.Tests.RedBlackTree.DictionaryWrapperTests" runstate="Runnable" seed="320296823" result="Passed" start-time="2019-09-16 14:43:54Z" end-time="2019-09-16 14:43:54Z" duration="0.027999" asserts="13" />
            <test-case id="0-1001" name="CanReadThroughAsDictionary" fullname="BalancedCollections.Tests.RedBlackTree.DictionaryWrapperTests.CanReadThroughAsDictionary" methodname="CanReadThroughAsDictionary" classname="BalancedCollections.Tests.RedBlackTree.DictionaryWrapperTests" runstate="Runnable" seed="768525485" result="Passed" start-time="2019-09-16 14:43:54Z" end-time="2019-09-16 14:43:54Z" duration="0.033029" asserts="13" />
            <test-case id="0-1002" name="CanReadAsCollectionThroughAsDictionary" fullname="BalancedCollections.Tests.RedBlackTree.DictionaryWrapperTests.CanReadAsCollectionThroughAsDictionary" methodname="CanReadAsCollectionThroughAsDictionary" classname="BalancedCollections.Tests.RedBlackTree.DictionaryWrapperTests" runstate="Runnable" seed="1875332426" result="Passed" start-time="2019-09-16 14:43:54Z" end-time="2019-09-16 14:43:54Z" duration="0.049291" asserts="4" />
            <test-case id="0-1005" name="CanReadAsCollectionThroughAsDictionaryWeighted" fullname="BalancedCollections.Tests.RedBlackTree.DictionaryWrapperTests.CanReadAsCollectionThroughAsDictionaryWeighted" methodname="CanReadAsCollectionThroughAsDictionaryWeighted" classname="BalancedCollections.Tests.RedBlackTree.DictionaryWrapperTests" runstate="Runnable" seed="958725260" result="Passed" start-time="2019-09-16 14:43:54Z" end-time="2019-09-16 14:43:54Z" duration="0.054687" asserts="4" />
            <test-case id="0-1003" name="CanMutateThroughAsDictionary" fullname="BalancedCollections.Tests.RedBlackTree.DictionaryWrapperTests.CanMutateThroughAsDictionary" methodname="CanMutateThroughAsDictionary" classname="BalancedCollections.Tests.RedBlackTree.DictionaryWrapperTests" runstate="Runnable" seed="1715808583" result="Passed" start-time="2019-09-16 14:43:54Z" end-time="2019-09-16 14:43:54Z" duration="0.082613" asserts="15" />
            <test-case id="0-1006" name="CanMutateThroughAsDictionaryWeighted" fullname="BalancedCollections.Tests.RedBlackTree.DictionaryWrapperTests.CanMutateThroughAsDictionaryWeighted" methodname="CanMutateThroughAsDictionaryWeighted" classname="BalancedCollections.Tests.RedBlackTree.DictionaryWrapperTests" runstate="Runnable" seed="1725761876" result="Passed" start-time="2019-09-16 14:43:54Z" end-time="2019-09-16 14:43:54Z" duration="0.116216" asserts="15" />
          </test-suite>
          <test-suite type="TestFixture" id="0-1015" name="PairCollectionTests" fullname="BalancedCollections.Tests.RedBlackTree.PairCollectionTests" classname="BalancedCollections.Tests.RedBlackTree.PairCollectionTests" runstate="Runnable" testcasecount="7" result="Passed" start-time="2019-09-16 14:43:54Z" end-time="2019-09-16 14:43:54Z" duration="0.326608" total="7" passed="7" failed="0" warnings="0" inconclusive="0" skipped="0" asserts="42">
            <properties>
              <property name="ParallelScope" value="All" />
            </properties>
            <test-case id="0-1016" name="CanConstructPairCollections" fullname="BalancedCollections.Tests.RedBlackTree.PairCollectionTests.CanConstructPairCollections" methodname="CanConstructPairCollections" classname="BalancedCollections.Tests.RedBlackTree.PairCollectionTests" runstate="Runnable" seed="957275153" result="Passed" start-time="2019-09-16 14:43:54Z" end-time="2019-09-16 14:43:54Z" duration="0.192948" asserts="4" />
            <test-case id="0-1020" name="CanCopyToAnArray" fullname="BalancedCollections.Tests.RedBlackTree.PairCollectionTests.CanCopyToAnArray" methodname="CanCopyToAnArray" classname="BalancedCollections.Tests.RedBlackTree.PairCollectionTests" runstate="Runnable" seed="1059176101" result="Passed" start-time="2019-09-16 14:43:54Z" end-time="2019-09-16 14:43:54Z" duration="0.026315" asserts="1" />
            <test-case id="0-1022" name="ReadOnlyShouldMirrorTheUnderlyingCollection" fullname="BalancedCollections.Tests.RedBlackTree.PairCollectionTests.ReadOnlyShouldMirrorTheUnderlyingCollection" methodname="ReadOnlyShouldMirrorTheUnderlyingCollection" classname="BalancedCollections.Tests.RedBlackTree.PairCollectionTests" runstate="Runnable" seed="1181539365" result="Passed" start-time="2019-09-16 14:43:54Z" end-time="2019-09-16 14:43:54Z" duration="0.011550" asserts="2" />
            <test-case id="0-1021" name="CanTestForContainment" fullname="BalancedCollections.Tests.RedBlackTree.PairCollectionTests.CanTestForContainment" methodname="CanTestForContainment" classname="BalancedCollections.Tests.RedBlackTree.PairCollectionTests" runstate="Runnable" seed="933164765" result="Passed" start-time="2019-09-16 14:43:54Z" end-time="2019-09-16 14:43:54Z" duration="0.026423" asserts="6" />
            <test-case id="0-1017" name="CanEnumeratePairsNewSchool" fullname="BalancedCollections.Tests.RedBlackTree.PairCollectionTests.CanEnumeratePairsNewSchool" methodname="CanEnumeratePairsNewSchool" classname="BalancedCollections.Tests.RedBlackTree.PairCollectionTests" runstate="Runnable" seed="2013117181" result="Passed" start-time="2019-09-16 14:43:54Z" end-time="2019-09-16 14:43:54Z" duration="0.043375" asserts="10" />
            <test-case id="0-1018" name="CanEnumeratePairsOldSchool" fullname="BalancedCollections.Tests.RedBlackTree.PairCollectionTests.CanEnumeratePairsOldSchool" methodname="CanEnumeratePairsOldSchool" classname="BalancedCollections.Tests.RedBlackTree.PairCollectionTests" runstate="Runnable" seed="1355241531" result="Passed" start-time="2019-09-16 14:43:54Z" end-time="2019-09-16 14:43:54Z" duration="0.035359" asserts="10" />
            <test-case id="0-1019" name="CanModifyTheUnderlyingCollection" fullname="BalancedCollections.Tests.RedBlackTree.PairCollectionTests.CanModifyTheUnderlyingCollection" methodname="CanModifyTheUnderlyingCollection" classname="BalancedCollections.Tests.RedBlackTree.PairCollectionTests" runstate="Runnable" seed="611722838" result="Passed" start-time="2019-09-16 14:43:54Z" end-time="2019-09-16 14:43:54Z" duration="0.101244" asserts="9" />
          </test-suite>
          <test-suite type="TestFixture" id="0-1076" name="RedBlackTreeTests" fullname="BalancedCollections.Tests.RedBlackTree.RedBlackTreeTests" classname="BalancedCollections.Tests.RedBlackTree.RedBlackTreeTests" runstate="Runnable" testcasecount="33" result="Passed" start-time="2019-09-16 14:43:54Z" end-time="2019-09-16 14:44:15Z" duration="20.867951" total="33" passed="33" failed="0" warnings="0" inconclusive="0" skipped="0" asserts="17049">
            <properties>
              <property name="ParallelScope" value="All" />
            </properties>
            <test-case id="0-1086" name="CanCopyToSpecialCaseTrees" fullname="BalancedCollections.Tests.RedBlackTree.RedBlackTreeTests.CanCopyToSpecialCaseTrees" methodname="CanCopyToSpecialCaseTrees" classname="BalancedCollections.Tests.RedBlackTree.RedBlackTreeTests" runstate="Runnable" seed="616828394" result="Passed" start-time="2019-09-16 14:43:54Z" end-time="2019-09-16 14:43:54Z" duration="0.199087" asserts="10" />
            <test-case id="0-1097" name="CanCopyTreesByAddRangeFromKeyValuePairs" fullname="BalancedCollections.Tests.RedBlackTree.RedBlackTreeTests.CanCopyTreesByAddRangeFromKeyValuePairs" methodname="CanCopyTreesByAddRangeFromKeyValuePairs" classname="BalancedCollections.Tests.RedBlackTree.RedBlackTreeTests" runstate="Runnable" seed="340503069" result="Passed" start-time="2019-09-16 14:43:54Z" end-time="2019-09-16 14:43:54Z" duration="0.039438" asserts="1" />
            <test-case id="0-1094" name="CannotAddDuplicateKeys" fullname="BalancedCollections.Tests.RedBlackTree.RedBlackTreeTests.CannotAddDuplicateKeys" methodname="CannotAddDuplicateKeys" classname="BalancedCollections.Tests.RedBlackTree.RedBlackTreeTests" runstate="Runnable" seed="1866836385" result="Passed" start-time="2019-09-16 14:43:54Z" end-time="2019-09-16 14:43:54Z" duration="0.014124" asserts="1" />
            <test-case id="0-1091" name="CannotUseAnUnknownTypeAsAKeyWithoutAComparerFunction" fullname="BalancedCollections.Tests.RedBlackTree.RedBlackTreeTests.CannotUseAnUnknownTypeAsAKeyWithoutAComparerFunction" methodname="CannotUseAnUnknownTypeAsAKeyWithoutAComparerFunction" classname="BalancedCollections.Tests.RedBlackTree.RedBlackTreeTests" runstate="Runnable" seed="382674647" result="Passed" start-time="2019-09-16 14:43:54Z" end-time="2019-09-16 14:43:54Z" duration="0.004223" asserts="1" />
            <test-case id="0-1096" name="CanCopyTreesByAddRangeFromAnotherTree" fullname="BalancedCollections.Tests.RedBlackTree.RedBlackTreeTests.CanCopyTreesByAddRangeFromAnotherTree" methodname="CanCopyTreesByAddRangeFromAnotherTree" classname="BalancedCollections.Tests.RedBlackTree.RedBlackTreeTests" runstate="Runnable" seed="328562705" result="Passed" start-time="2019-09-16 14:43:54Z" end-time="2019-09-16 14:43:54Z" duration="0.050395" asserts="1" />
            <test-case id="0-1098" name="CanRemoveAllNodesInOneFellSwoop" fullname="BalancedCollections.Tests.RedBlackTree.RedBlackTreeTests.CanRemoveAllNodesInOneFellSwoop" methodname="CanRemoveAllNodesInOneFellSwoop" classname="BalancedCollections.Tests.RedBlackTree.RedBlackTreeTests" runstate="Runnable" seed="1152850695" result="Passed" start-time="2019-09-16 14:43:54Z" end-time="2019-09-16 14:43:54Z" duration="0.025210" asserts="2" />
            <test-case id="0-1092" name="CannotUseTheIndexerToRetrieveNonexistentValues" fullname="BalancedCollections.Tests.RedBlackTree.RedBlackTreeTests.CannotUseTheIndexerToRetrieveNonexistentValues" methodname="CannotUseTheIndexerToRetrieveNonexistentValues" classname="BalancedCollections.Tests.RedBlackTree.RedBlackTreeTests" runstate="Runnable" seed="733646534" result="Passed" start-time="2019-09-16 14:43:54Z" end-time="2019-09-16 14:43:54Z" duration="0.032333" asserts="3" />
            <test-case id="0-1095" name="CanCopyTreesByNode" fullname="BalancedCollections.Tests.RedBlackTree.RedBlackTreeTests.CanCopyTreesByNode" methodname="CanCopyTreesByNode" classname="BalancedCollections.Tests.RedBlackTree.RedBlackTreeTests" runstate="Runnable" seed="155586173" result="Passed" start-time="2019-09-16 14:43:54Z" end-time="2019-09-16 14:43:54Z" duration="0.102139" asserts="1" />
            <test-case id="0-1088" name="CanUseTheIndexerToReplaceOrInsertValues" fullname="BalancedCollections.Tests.RedBlackTree.RedBlackTreeTests.CanUseTheIndexerToReplaceOrInsertValues" methodname="CanUseTheIndexerToReplaceOrInsertValues" classname="BalancedCollections.Tests.RedBlackTree.RedBlackTreeTests" runstate="Runnable" seed="1260684136" result="Passed" start-time="2019-09-16 14:43:54Z" end-time="2019-09-16 14:43:54Z" duration="0.079980" asserts="1" />
            <test-case id="0-1083" name="CannotRemoveKeysThatDontExist" fullname="BalancedCollections.Tests.RedBlackTree.RedBlackTreeTests.CannotRemoveKeysThatDontExist" methodname="CannotRemoveKeysThatDontExist" classname="BalancedCollections.Tests.RedBlackTree.RedBlackTreeTests" runstate="Runnable" seed="1483878208" result="Passed" start-time="2019-09-16 14:43:54Z" end-time="2019-09-16 14:43:54Z" duration="0.249024" asserts="15" />
            <test-case id="0-1077" name="NewTreeShouldBeEmpty" fullname="BalancedCollections.Tests.RedBlackTree.RedBlackTreeTests.NewTreeShouldBeEmpty" methodname="NewTreeShouldBeEmpty" classname="BalancedCollections.Tests.RedBlackTree.RedBlackTreeTests" runstate="Runnable" seed="1719747752" result="Passed" start-time="2019-09-16 14:43:54Z" end-time="2019-09-16 14:43:54Z" duration="0.036650" asserts="2" />
            <test-case id="0-1089" name="CanUseAnExplicitComparisonFunction" fullname="BalancedCollections.Tests.RedBlackTree.RedBlackTreeTests.CanUseAnExplicitComparisonFunction" methodname="CanUseAnExplicitComparisonFunction" classname="BalancedCollections.Tests.RedBlackTree.RedBlackTreeTests" runstate="Runnable" seed="860850954" result="Passed" start-time="2019-09-16 14:43:54Z" end-time="2019-09-16 14:43:55Z" duration="0.495029" asserts="1" />
            <test-case id="0-1090" name="CanUseAnExplicitIComparableImplementation" fullname="BalancedCollections.Tests.RedBlackTree.RedBlackTreeTests.CanUseAnExplicitIComparableImplementation" methodname="CanUseAnExplicitIComparableImplementation" classname="BalancedCollections.Tests.RedBlackTree.RedBlackTreeTests" runstate="Runnable" seed="1717844890" result="Passed" start-time="2019-09-16 14:43:54Z" end-time="2019-09-16 14:43:55Z" duration="0.495234" asserts="1" />
            <test-case id="0-1108" name="CanTestForNodeContains" fullname="BalancedCollections.Tests.RedBlackTree.RedBlackTreeTests.CanTestForNodeContains" methodname="CanTestForNodeContains" classname="BalancedCollections.Tests.RedBlackTree.RedBlackTreeTests" runstate="Runnable" seed="14767935" result="Passed" start-time="2019-09-16 14:43:54Z" end-time="2019-09-16 14:43:56Z" duration="1.826014" asserts="3" />
            <test-case id="0-1109" name="CanExplicitlyRemoveKnownNodes" fullname="BalancedCollections.Tests.RedBlackTree.RedBlackTreeTests.CanExplicitlyRemoveKnownNodes" methodname="CanExplicitlyRemoveKnownNodes" classname="BalancedCollections.Tests.RedBlackTree.RedBlackTreeTests" runstate="Runnable" seed="469952401" result="Passed" start-time="2019-09-16 14:43:54Z" end-time="2019-09-16 14:43:56Z" duration="2.100232" asserts="6" />
            <test-case id="0-1085" name="CopyToShouldWalkTheTreeForward" fullname="BalancedCollections.Tests.RedBlackTree.RedBlackTreeTests.CopyToShouldWalkTheTreeForward" methodname="CopyToShouldWalkTheTreeForward" classname="BalancedCollections.Tests.RedBlackTree.RedBlackTreeTests" runstate="Runnable" seed="1697046451" result="Passed" start-time="2019-09-16 14:43:54Z" end-time="2019-09-16 14:43:58Z" duration="3.419591" asserts="15" />
            <test-case id="0-1105" name="CanEnumerateNewSchool" fullname="BalancedCollections.Tests.RedBlackTree.RedBlackTreeTests.CanEnumerateNewSchool" methodname="CanEnumerateNewSchool" classname="BalancedCollections.Tests.RedBlackTree.RedBlackTreeTests" runstate="Runnable" seed="236947309" result="Passed" start-time="2019-09-16 14:43:54Z" end-time="2019-09-16 14:43:58Z" duration="3.906350" asserts="1003" />
            <test-case id="0-1093" name="TreesShouldAlwaysBeReadWrite" fullname="BalancedCollections.Tests.RedBlackTree.RedBlackTreeTests.TreesShouldAlwaysBeReadWrite" methodname="TreesShouldAlwaysBeReadWrite" classname="BalancedCollections.Tests.RedBlackTree.RedBlackTreeTests" runstate="Runnable" seed="240669710" result="Passed" start-time="2019-09-16 14:43:58Z" end-time="2019-09-16 14:43:58Z" duration="0.056478" asserts="1" />
            <test-case id="0-1106" name="CanEnumerateOldSchool" fullname="BalancedCollections.Tests.RedBlackTree.RedBlackTreeTests.CanEnumerateOldSchool" methodname="CanEnumerateOldSchool" classname="BalancedCollections.Tests.RedBlackTree.RedBlackTreeTests" runstate="Runnable" seed="388140121" result="Passed" start-time="2019-09-16 14:43:54Z" end-time="2019-09-16 14:43:58Z" duration="4.159969" asserts="1003" />
            <test-case id="0-1104" name="CanFindGreatestInARange" fullname="BalancedCollections.Tests.RedBlackTree.RedBlackTreeTests.CanFindGreatestInARange" methodname="CanFindGreatestInARange" classname="BalancedCollections.Tests.RedBlackTree.RedBlackTreeTests" runstate="Runnable" seed="593961943" result="Passed" start-time="2019-09-16 14:43:54Z" end-time="2019-09-16 14:43:59Z" duration="4.496519" asserts="101" />
            <test-case id="0-1103" name="CanFindLowestInARange" fullname="BalancedCollections.Tests.RedBlackTree.RedBlackTreeTests.CanFindLowestInARange" methodname="CanFindLowestInARange" classname="BalancedCollections.Tests.RedBlackTree.RedBlackTreeTests" runstate="Runnable" seed="1496378132" result="Passed" start-time="2019-09-16 14:43:54Z" end-time="2019-09-16 14:43:59Z" duration="4.570424" asserts="101" />
            <test-case id="0-1081" name="NextShouldBeAbleToWalkTheTreeForward" fullname="BalancedCollections.Tests.RedBlackTree.RedBlackTreeTests.NextShouldBeAbleToWalkTheTreeForward" methodname="NextShouldBeAbleToWalkTheTreeForward" classname="BalancedCollections.Tests.RedBlackTree.RedBlackTreeTests" runstate="Runnable" seed="786315907" result="Passed" start-time="2019-09-16 14:43:54Z" end-time="2019-09-16 14:43:59Z" duration="4.464220" asserts="14" />
            <test-case id="0-1082" name="PreviousShouldBeAbleToWalkTheTreeBackward" fullname="BalancedCollections.Tests.RedBlackTree.RedBlackTreeTests.PreviousShouldBeAbleToWalkTheTreeBackward" methodname="PreviousShouldBeAbleToWalkTheTreeBackward" classname="BalancedCollections.Tests.RedBlackTree.RedBlackTreeTests" runstate="Runnable" seed="1943254794" result="Passed" start-time="2019-09-16 14:43:55Z" end-time="2019-09-16 14:43:59Z" duration="4.263678" asserts="14" />
            <test-case id="0-1084" name="ForeachShouldWalkTheTreeForward" fullname="BalancedCollections.Tests.RedBlackTree.RedBlackTreeTests.ForeachShouldWalkTheTreeForward" methodname="ForeachShouldWalkTheTreeForward" classname="BalancedCollections.Tests.RedBlackTree.RedBlackTreeTests" runstate="Runnable" seed="109884932" result="Passed" start-time="2019-09-16 14:43:54Z" end-time="2019-09-16 14:43:59Z" duration="4.837878" asserts="15" />
            <test-case id="0-1101" name="CanFindLowestAboveALimit" fullname="BalancedCollections.Tests.RedBlackTree.RedBlackTreeTests.CanFindLowestAboveALimit" methodname="CanFindLowestAboveALimit" classname="BalancedCollections.Tests.RedBlackTree.RedBlackTreeTests" runstate="Runnable" seed="1361867472" result="Passed" start-time="2019-09-16 14:43:54Z" end-time="2019-09-16 14:44:00Z" duration="5.581131" asserts="51" />
            <test-case id="0-1102" name="CanFindLowestAtOrAboveALimit" fullname="BalancedCollections.Tests.RedBlackTree.RedBlackTreeTests.CanFindLowestAtOrAboveALimit" methodname="CanFindLowestAtOrAboveALimit" classname="BalancedCollections.Tests.RedBlackTree.RedBlackTreeTests" runstate="Runnable" seed="846149996" result="Passed" start-time="2019-09-16 14:43:54Z" end-time="2019-09-16 14:44:00Z" duration="5.852122" asserts="51" />
            <test-case id="0-1099" name="CanFindGreatestUnderALimit" fullname="BalancedCollections.Tests.RedBlackTree.RedBlackTreeTests.CanFindGreatestUnderALimit" methodname="CanFindGreatestUnderALimit" classname="BalancedCollections.Tests.RedBlackTree.RedBlackTreeTests" runstate="Runnable" seed="2086167324" result="Passed" start-time="2019-09-16 14:43:54Z" end-time="2019-09-16 14:44:00Z" duration="5.985567" asserts="51" />
            <test-case id="0-1100" name="CanFindGreatestAtOrUnderALimit" fullname="BalancedCollections.Tests.RedBlackTree.RedBlackTreeTests.CanFindGreatestAtOrUnderALimit" methodname="CanFindGreatestAtOrUnderALimit" classname="BalancedCollections.Tests.RedBlackTree.RedBlackTreeTests" runstate="Runnable" seed="1446548731" result="Passed" start-time="2019-09-16 14:43:54Z" end-time="2019-09-16 14:44:00Z" duration="6.352719" asserts="51" />
            <test-case id="0-1087" name="ToDictionaryShouldGenerateAnEquivalentDictionary" fullname="BalancedCollections.Tests.RedBlackTree.RedBlackTreeTests.ToDictionaryShouldGenerateAnEquivalentDictionary" methodname="ToDictionaryShouldGenerateAnEquivalentDictionary" classname="BalancedCollections.Tests.RedBlackTree.RedBlackTreeTests" runstate="Runnable" seed="1003808998" result="Passed" start-time="2019-09-16 14:43:56Z" end-time="2019-09-16 14:44:02Z" duration="6.164144" asserts="15" />
            <test-case id="0-1080" name="ShouldBeAbleToFindMinimaAndMaxima" fullname="BalancedCollections.Tests.RedBlackTree.RedBlackTreeTests.ShouldBeAbleToFindMinimaAndMaxima" methodname="ShouldBeAbleToFindMinimaAndMaxima" classname="BalancedCollections.Tests.RedBlackTree.RedBlackTreeTests" runstate="Runnable" seed="439204474" result="Passed" start-time="2019-09-16 14:43:55Z" end-time="2019-09-16 14:44:08Z" duration="12.808512" asserts="2004" />
            <test-case id="0-1078" name="TreeShouldBeValidAfterManyRandomInsertions" fullname="BalancedCollections.Tests.RedBlackTree.RedBlackTreeTests.TreeShouldBeValidAfterManyRandomInsertions" methodname="TreeShouldBeValidAfterManyRandomInsertions" classname="BalancedCollections.Tests.RedBlackTree.RedBlackTreeTests" runstate="Runnable" seed="1297290620" result="Passed" start-time="2019-09-16 14:43:58Z" end-time="2019-09-16 14:44:11Z" duration="13.294237" asserts="4000" />
            <test-case id="0-1107" name="CanRemoveRanges" fullname="BalancedCollections.Tests.RedBlackTree.RedBlackTreeTests.CanRemoveRanges" methodname="CanRemoveRanges" classname="BalancedCollections.Tests.RedBlackTree.RedBlackTreeTests" runstate="Runnable" seed="768201183" result="Passed" start-time="2019-09-16 14:43:54Z" end-time="2019-09-16 14:44:12Z" duration="17.639890" asserts="10" />
            <test-case id="0-1079" name="TreeShouldBeValidAfterManyRandomDeletions" fullname="BalancedCollections.Tests.RedBlackTree.RedBlackTreeTests.TreeShouldBeValidAfterManyRandomDeletions" methodname="TreeShouldBeValidAfterManyRandomDeletions" classname="BalancedCollections.Tests.RedBlackTree.RedBlackTreeTests" runstate="Runnable" seed="687832912" result="Passed" start-time="2019-09-16 14:43:56Z" end-time="2019-09-16 14:44:15Z" duration="18.507206" asserts="8500" />
          </test-suite>
          <test-suite type="TestFixture" id="0-1042" name="WeightedRedBlackTreeTests" fullname="BalancedCollections.Tests.RedBlackTree.WeightedRedBlackTreeTests" classname="BalancedCollections.Tests.RedBlackTree.WeightedRedBlackTreeTests" runstate="Runnable" testcasecount="33" result="Passed" start-time="2019-09-16 14:43:54Z" end-time="2019-09-16 14:44:15Z" duration="21.168410" total="33" passed="33" failed="0" warnings="0" inconclusive="0" skipped="0" asserts="17049">
            <properties>
              <property name="ParallelScope" value="All" />
            </properties>
            <test-case id="0-1052" name="CanCopyToSpecialCaseTrees" fullname="BalancedCollections.Tests.RedBlackTree.WeightedRedBlackTreeTests.CanCopyToSpecialCaseTrees" methodname="CanCopyToSpecialCaseTrees" classname="BalancedCollections.Tests.RedBlackTree.WeightedRedBlackTreeTests" runstate="Runnable" seed="1099717022" result="Passed" start-time="2019-09-16 14:43:54Z" end-time="2019-09-16 14:43:54Z" duration="0.197412" asserts="10" />
            <test-case id="0-1062" name="CanCopyTreesByAddRangeFromAnotherTree" fullname="BalancedCollections.Tests.RedBlackTree.WeightedRedBlackTreeTests.CanCopyTreesByAddRangeFromAnotherTree" methodname="CanCopyTreesByAddRangeFromAnotherTree" classname="BalancedCollections.Tests.RedBlackTree.WeightedRedBlackTreeTests" runstate="Runnable" seed="2077432394" result="Passed" start-time="2019-09-16 14:43:54Z" end-time="2019-09-16 14:43:54Z" duration="0.199426" asserts="1" />
            <test-case id="0-1063" name="CanCopyTreesByAddRangeFromKeyValuePairs" fullname="BalancedCollections.Tests.RedBlackTree.WeightedRedBlackTreeTests.CanCopyTreesByAddRangeFromKeyValuePairs" methodname="CanCopyTreesByAddRangeFromKeyValuePairs" classname="BalancedCollections.Tests.RedBlackTree.WeightedRedBlackTreeTests" runstate="Runnable" seed="2080887056" result="Passed" start-time="2019-09-16 14:43:58Z" end-time="2019-09-16 14:43:58Z" duration="0.039649" asserts="1" />
            <test-case id="0-1061" name="CanCopyTreesByNode" fullname="BalancedCollections.Tests.RedBlackTree.WeightedRedBlackTreeTests.CanCopyTreesByNode" methodname="CanCopyTreesByNode" classname="BalancedCollections.Tests.RedBlackTree.WeightedRedBlackTreeTests" runstate="Runnable" seed="1057198269" result="Passed" start-time="2019-09-16 14:43:58Z" end-time="2019-09-16 14:43:58Z" duration="0.068937" asserts="1" />
            <test-case id="0-1060" name="CannotAddDuplicateKeys" fullname="BalancedCollections.Tests.RedBlackTree.WeightedRedBlackTreeTests.CannotAddDuplicateKeys" methodname="CannotAddDuplicateKeys" classname="BalancedCollections.Tests.RedBlackTree.WeightedRedBlackTreeTests" runstate="Runnable" seed="1346507545" result="Passed" start-time="2019-09-16 14:44:00Z" end-time="2019-09-16 14:44:00Z" duration="0.078762" asserts="1" />
            <test-case id="0-1049" name="CannotRemoveKeysThatDontExist" fullname="BalancedCollections.Tests.RedBlackTree.WeightedRedBlackTreeTests.CannotRemoveKeysThatDontExist" methodname="CannotRemoveKeysThatDontExist" classname="BalancedCollections.Tests.RedBlackTree.WeightedRedBlackTreeTests" runstate="Runnable" seed="756903178" result="Passed" start-time="2019-09-16 14:44:00Z" end-time="2019-09-16 14:44:00Z" duration="0.084500" asserts="15" />
            <test-case id="0-1057" name="CannotUseAnUnknownTypeAsAKeyWithoutAComparerFunction" fullname="BalancedCollections.Tests.RedBlackTree.WeightedRedBlackTreeTests.CannotUseAnUnknownTypeAsAKeyWithoutAComparerFunction" methodname="CannotUseAnUnknownTypeAsAKeyWithoutAComparerFunction" classname="BalancedCollections.Tests.RedBlackTree.WeightedRedBlackTreeTests" runstate="Runnable" seed="1721388997" result="Passed" start-time="2019-09-16 14:44:00Z" end-time="2019-09-16 14:44:00Z" duration="0.002122" asserts="1" />
            <test-case id="0-1058" name="CannotUseTheIndexerToRetrieveNonexistentValues" fullname="BalancedCollections.Tests.RedBlackTree.WeightedRedBlackTreeTests.CannotUseTheIndexerToRetrieveNonexistentValues" methodname="CannotUseTheIndexerToRetrieveNonexistentValues" classname="BalancedCollections.Tests.RedBlackTree.WeightedRedBlackTreeTests" runstate="Runnable" seed="116119863" result="Passed" start-time="2019-09-16 14:44:00Z" end-time="2019-09-16 14:44:00Z" duration="0.084245" asserts="3" />
            <test-case id="0-1064" name="CanRemoveAllNodesInOneFellSwoop" fullname="BalancedCollections.Tests.RedBlackTree.WeightedRedBlackTreeTests.CanRemoveAllNodesInOneFellSwoop" methodname="CanRemoveAllNodesInOneFellSwoop" classname="BalancedCollections.Tests.RedBlackTree.WeightedRedBlackTreeTests" runstate="Runnable" seed="37083041" result="Passed" start-time="2019-09-16 14:44:00Z" end-time="2019-09-16 14:44:00Z" duration="0.049564" asserts="2" />
            <test-case id="0-1075" name="CanExplicitlyRemoveKnownNodes" fullname="BalancedCollections.Tests.RedBlackTree.WeightedRedBlackTreeTests.CanExplicitlyRemoveKnownNodes" methodname="CanExplicitlyRemoveKnownNodes" classname="BalancedCollections.Tests.RedBlackTree.WeightedRedBlackTreeTests" runstate="Runnable" seed="585892242" result="Passed" start-time="2019-09-16 14:43:59Z" end-time="2019-09-16 14:44:01Z" duration="2.839493" asserts="6" />
            <test-case id="0-1055" name="CanUseAnExplicitComparisonFunction" fullname="BalancedCollections.Tests.RedBlackTree.WeightedRedBlackTreeTests.CanUseAnExplicitComparisonFunction" methodname="CanUseAnExplicitComparisonFunction" classname="BalancedCollections.Tests.RedBlackTree.WeightedRedBlackTreeTests" runstate="Runnable" seed="1651483776" result="Passed" start-time="2019-09-16 14:44:01Z" end-time="2019-09-16 14:44:02Z" duration="0.132004" asserts="1" />
            <test-case id="0-1056" name="CanUseAnExplicitIComparableImplementation" fullname="BalancedCollections.Tests.RedBlackTree.WeightedRedBlackTreeTests.CanUseAnExplicitIComparableImplementation" methodname="CanUseAnExplicitIComparableImplementation" classname="BalancedCollections.Tests.RedBlackTree.WeightedRedBlackTreeTests" runstate="Runnable" seed="833216452" result="Passed" start-time="2019-09-16 14:44:02Z" end-time="2019-09-16 14:44:02Z" duration="0.156852" asserts="1" />
            <test-case id="0-1054" name="CanUseTheIndexerToReplaceOrInsertValues" fullname="BalancedCollections.Tests.RedBlackTree.WeightedRedBlackTreeTests.CanUseTheIndexerToReplaceOrInsertValues" methodname="CanUseTheIndexerToReplaceOrInsertValues" classname="BalancedCollections.Tests.RedBlackTree.WeightedRedBlackTreeTests" runstate="Runnable" seed="613223701" result="Passed" start-time="2019-09-16 14:44:02Z" end-time="2019-09-16 14:44:02Z" duration="0.112483" asserts="1" />
            <test-case id="0-1071" name="CanEnumerateNewSchool" fullname="BalancedCollections.Tests.RedBlackTree.WeightedRedBlackTreeTests.CanEnumerateNewSchool" methodname="CanEnumerateNewSchool" classname="BalancedCollections.Tests.RedBlackTree.WeightedRedBlackTreeTests" runstate="Runnable" seed="112800379" result="Passed" start-time="2019-09-16 14:43:58Z" end-time="2019-09-16 14:44:03Z" duration="4.362293" asserts="1003" />
            <test-case id="0-1043" name="NewTreeShouldBeEmpty" fullname="BalancedCollections.Tests.RedBlackTree.WeightedRedBlackTreeTests.NewTreeShouldBeEmpty" methodname="NewTreeShouldBeEmpty" classname="BalancedCollections.Tests.RedBlackTree.WeightedRedBlackTreeTests" runstate="Runnable" seed="1924800172" result="Passed" start-time="2019-09-16 14:44:03Z" end-time="2019-09-16 14:44:03Z" duration="0.004920" asserts="2" />
            <test-case id="0-1072" name="CanEnumerateOldSchool" fullname="BalancedCollections.Tests.RedBlackTree.WeightedRedBlackTreeTests.CanEnumerateOldSchool" methodname="CanEnumerateOldSchool" classname="BalancedCollections.Tests.RedBlackTree.WeightedRedBlackTreeTests" runstate="Runnable" seed="1405678271" result="Passed" start-time="2019-09-16 14:43:58Z" end-time="2019-09-16 14:44:03Z" duration="4.627521" asserts="1003" />
            <test-case id="0-1074" name="CanTestForNodeContains" fullname="BalancedCollections.Tests.RedBlackTree.WeightedRedBlackTreeTests.CanTestForNodeContains" methodname="CanTestForNodeContains" classname="BalancedCollections.Tests.RedBlackTree.WeightedRedBlackTreeTests" runstate="Runnable" seed="1013553684" result="Passed" start-time="2019-09-16 14:44:00Z" end-time="2019-09-16 14:44:04Z" duration="3.165047" asserts="3" />
            <test-case id="0-1070" name="CanFindGreatestInARange" fullname="BalancedCollections.Tests.RedBlackTree.WeightedRedBlackTreeTests.CanFindGreatestInARange" methodname="CanFindGreatestInARange" classname="BalancedCollections.Tests.RedBlackTree.WeightedRedBlackTreeTests" runstate="Runnable" seed="1697227808" result="Passed" start-time="2019-09-16 14:43:59Z" end-time="2019-09-16 14:44:05Z" duration="5.736103" asserts="101" />
            <test-case id="0-1051" name="CopyToShouldWalkTheTreeForward" fullname="BalancedCollections.Tests.RedBlackTree.WeightedRedBlackTreeTests.CopyToShouldWalkTheTreeForward" methodname="CopyToShouldWalkTheTreeForward" classname="BalancedCollections.Tests.RedBlackTree.WeightedRedBlackTreeTests" runstate="Runnable" seed="1748627932" result="Passed" start-time="2019-09-16 14:44:02Z" end-time="2019-09-16 14:44:05Z" duration="3.384521" asserts="15" />
            <test-case id="0-1069" name="CanFindLowestInARange" fullname="BalancedCollections.Tests.RedBlackTree.WeightedRedBlackTreeTests.CanFindLowestInARange" methodname="CanFindLowestInARange" classname="BalancedCollections.Tests.RedBlackTree.WeightedRedBlackTreeTests" runstate="Runnable" seed="703228386" result="Passed" start-time="2019-09-16 14:44:00Z" end-time="2019-09-16 14:44:06Z" duration="5.635438" asserts="101" />
            <test-case id="0-1066" name="CanFindGreatestAtOrUnderALimit" fullname="BalancedCollections.Tests.RedBlackTree.WeightedRedBlackTreeTests.CanFindGreatestAtOrUnderALimit" methodname="CanFindGreatestAtOrUnderALimit" classname="BalancedCollections.Tests.RedBlackTree.WeightedRedBlackTreeTests" runstate="Runnable" seed="269148348" result="Passed" start-time="2019-09-16 14:43:59Z" end-time="2019-09-16 14:44:06Z" duration="7.587349" asserts="51" />
            <test-case id="0-1059" name="TreesShouldAlwaysBeReadWrite" fullname="BalancedCollections.Tests.RedBlackTree.WeightedRedBlackTreeTests.TreesShouldAlwaysBeReadWrite" methodname="TreesShouldAlwaysBeReadWrite" classname="BalancedCollections.Tests.RedBlackTree.WeightedRedBlackTreeTests" runstate="Runnable" seed="6843422" result="Passed" start-time="2019-09-16 14:44:06Z" end-time="2019-09-16 14:44:06Z" duration="0.048853" asserts="1" />
            <test-case id="0-1065" name="CanFindGreatestUnderALimit" fullname="BalancedCollections.Tests.RedBlackTree.WeightedRedBlackTreeTests.CanFindGreatestUnderALimit" methodname="CanFindGreatestUnderALimit" classname="BalancedCollections.Tests.RedBlackTree.WeightedRedBlackTreeTests" runstate="Runnable" seed="2103451304" result="Passed" start-time="2019-09-16 14:43:59Z" end-time="2019-09-16 14:44:06Z" duration="7.389072" asserts="51" />
            <test-case id="0-1068" name="CanFindLowestAtOrAboveALimit" fullname="BalancedCollections.Tests.RedBlackTree.WeightedRedBlackTreeTests.CanFindLowestAtOrAboveALimit" methodname="CanFindLowestAtOrAboveALimit" classname="BalancedCollections.Tests.RedBlackTree.WeightedRedBlackTreeTests" runstate="Runnable" seed="30105694" result="Passed" start-time="2019-09-16 14:44:00Z" end-time="2019-09-16 14:44:06Z" duration="6.738445" asserts="51" />
            <test-case id="0-1067" name="CanFindLowestAboveALimit" fullname="BalancedCollections.Tests.RedBlackTree.WeightedRedBlackTreeTests.CanFindLowestAboveALimit" methodname="CanFindLowestAboveALimit" classname="BalancedCollections.Tests.RedBlackTree.WeightedRedBlackTreeTests" runstate="Runnable" seed="70786532" result="Passed" start-time="2019-09-16 14:43:59Z" end-time="2019-09-16 14:44:06Z" duration="7.305814" asserts="51" />
            <test-case id="0-1047" name="NextShouldBeAbleToWalkTheTreeForward" fullname="BalancedCollections.Tests.RedBlackTree.WeightedRedBlackTreeTests.NextShouldBeAbleToWalkTheTreeForward" methodname="NextShouldBeAbleToWalkTheTreeForward" classname="BalancedCollections.Tests.RedBlackTree.WeightedRedBlackTreeTests" runstate="Runnable" seed="1253618600" result="Passed" start-time="2019-09-16 14:44:03Z" end-time="2019-09-16 14:44:07Z" duration="4.258154" asserts="14" />
            <test-case id="0-1050" name="ForeachShouldWalkTheTreeForward" fullname="BalancedCollections.Tests.RedBlackTree.WeightedRedBlackTreeTests.ForeachShouldWalkTheTreeForward" methodname="ForeachShouldWalkTheTreeForward" classname="BalancedCollections.Tests.RedBlackTree.WeightedRedBlackTreeTests" runstate="Runnable" seed="788820413" result="Passed" start-time="2019-09-16 14:44:02Z" end-time="2019-09-16 14:44:07Z" duration="4.970307" asserts="15" />
            <test-case id="0-1048" name="PreviousShouldBeAbleToWalkTheTreeBackward" fullname="BalancedCollections.Tests.RedBlackTree.WeightedRedBlackTreeTests.PreviousShouldBeAbleToWalkTheTreeBackward" methodname="PreviousShouldBeAbleToWalkTheTreeBackward" classname="BalancedCollections.Tests.RedBlackTree.WeightedRedBlackTreeTests" runstate="Runnable" seed="1651250753" result="Passed" start-time="2019-09-16 14:44:03Z" end-time="2019-09-16 14:44:07Z" duration="4.437275" asserts="14" />
            <test-case id="0-1053" name="ToDictionaryShouldGenerateAnEquivalentDictionary" fullname="BalancedCollections.Tests.RedBlackTree.WeightedRedBlackTreeTests.ToDictionaryShouldGenerateAnEquivalentDictionary" methodname="ToDictionaryShouldGenerateAnEquivalentDictionary" classname="BalancedCollections.Tests.RedBlackTree.WeightedRedBlackTreeTests" runstate="Runnable" seed="1345609162" result="Passed" start-time="2019-09-16 14:44:05Z" end-time="2019-09-16 14:44:09Z" duration="4.808513" asserts="15" />
            <test-case id="0-1046" name="ShouldBeAbleToFindMinimaAndMaxima" fullname="BalancedCollections.Tests.RedBlackTree.WeightedRedBlackTreeTests.ShouldBeAbleToFindMinimaAndMaxima" methodname="ShouldBeAbleToFindMinimaAndMaxima" classname="BalancedCollections.Tests.RedBlackTree.WeightedRedBlackTreeTests" runstate="Runnable" seed="1527992912" result="Passed" start-time="2019-09-16 14:44:04Z" end-time="2019-09-16 14:44:10Z" duration="6.382235" asserts="2004" />
            <test-case id="0-1044" name="TreeShouldBeValidAfterManyRandomInsertions" fullname="BalancedCollections.Tests.RedBlackTree.WeightedRedBlackTreeTests.TreeShouldBeValidAfterManyRandomInsertions" methodname="TreeShouldBeValidAfterManyRandomInsertions" classname="BalancedCollections.Tests.RedBlackTree.WeightedRedBlackTreeTests" runstate="Runnable" seed="857080659" result="Passed" start-time="2019-09-16 14:44:06Z" end-time="2019-09-16 14:44:13Z" duration="6.920477" asserts="4000" />
            <test-case id="0-1073" name="CanRemoveRanges" fullname="BalancedCollections.Tests.RedBlackTree.WeightedRedBlackTreeTests.CanRemoveRanges" methodname="CanRemoveRanges" classname="BalancedCollections.Tests.RedBlackTree.WeightedRedBlackTreeTests" runstate="Runnable" seed="131697443" result="Passed" start-time="2019-09-16 14:44:00Z" end-time="2019-09-16 14:44:15Z" duration="14.281957" asserts="10" />
            <test-case id="0-1045" name="TreeShouldBeValidAfterManyRandomDeletions" fullname="BalancedCollections.Tests.RedBlackTree.WeightedRedBlackTreeTests.TreeShouldBeValidAfterManyRandomDeletions" methodname="TreeShouldBeValidAfterManyRandomDeletions" classname="BalancedCollections.Tests.RedBlackTree.WeightedRedBlackTreeTests" runstate="Runnable" seed="439953943" result="Passed" start-time="2019-09-16 14:44:05Z" end-time="2019-09-16 14:44:15Z" duration="9.750933" asserts="8500" />
          </test-suite>
        </test-suite>
      </test-suite>
    </test-suite>
  </test-suite>
</test-run>